<?xml version="1.0" encoding="UTF-8"?>
<!-- Generated by org.testng.reporters.JUnitReportReporter -->
<testsuite hostname="SamanyuthiksMBP.attlocal.net" failures="0" tests="1" name="testScriptAPI.TransactionCreationApiTest" time="2.208" errors="0" timestamp="2025-10-22T22:33:30 PDT" skipped="0">
  <testcase classname="testScriptAPI.TransactionCreationApiTest" name="testGetUserTransaction" time="2.208"/>
</testsuite> <!-- testScriptAPI.TransactionCreationApiTest -->
